TN:
SF:src\assets\icon-components\person.icon.tsx
FN:9,PersonIcon
FNF:1
FNH:1
FNDA:2,PersonIcon
DA:1,1
DA:2,1
DA:3,1
DA:4,1
DA:5,1
DA:6,1
DA:7,1
DA:8,1
DA:9,1
DA:10,2
DA:11,2
DA:12,2
DA:13,2
DA:14,2
DA:15,2
DA:16,2
DA:17,2
DA:18,2
DA:19,2
DA:20,2
DA:21,2
DA:22,2
DA:23,2
DA:24,2
DA:25,2
DA:26,2
DA:27,2
DA:28,2
DA:29,2
DA:30,1
DA:31,1
LF:31
LH:31
BRDA:9,0,0,2
BRF:1
BRH:1
end_of_record
TN:
SF:src\assets\icon-components\skill.icon.tsx
FN:9,SkillIcon
FNF:1
FNH:1
FNDA:2,SkillIcon
DA:1,1
DA:2,1
DA:3,1
DA:4,1
DA:5,1
DA:6,1
DA:7,1
DA:8,1
DA:9,1
DA:10,2
DA:11,2
DA:12,2
DA:13,2
DA:14,2
DA:15,2
DA:16,2
DA:17,2
DA:18,2
DA:19,2
DA:20,2
DA:21,2
DA:22,2
DA:23,2
DA:24,2
DA:25,2
DA:26,2
DA:27,2
DA:28,2
DA:29,2
DA:30,1
DA:31,1
LF:31
LH:31
BRDA:9,0,0,2
BRF:1
BRH:1
end_of_record
TN:
SF:src\assets\icon-components\work-history.icon.tsx
FN:9,WorkHistoryIcon
FNF:1
FNH:1
FNDA:2,WorkHistoryIcon
DA:1,1
DA:2,1
DA:3,1
DA:4,1
DA:5,1
DA:6,1
DA:7,1
DA:8,1
DA:9,1
DA:10,2
DA:11,2
DA:12,2
DA:13,2
DA:14,2
DA:15,2
DA:16,2
DA:17,2
DA:18,2
DA:19,2
DA:20,2
DA:21,2
DA:22,2
DA:23,2
DA:24,2
DA:25,2
DA:26,2
DA:27,2
DA:28,2
DA:29,2
DA:30,1
DA:31,1
LF:31
LH:31
BRDA:9,0,0,2
BRF:1
BRH:1
end_of_record
TN:
SF:src\components\common\card\Card.tsx
FN:14,Card
FNF:1
FNH:1
FNDA:23,Card
DA:1,1
DA:2,1
DA:3,1
DA:4,1
DA:5,1
DA:6,1
DA:7,1
DA:8,1
DA:9,1
DA:10,1
DA:11,1
DA:12,1
DA:13,1
DA:14,1
DA:15,23
DA:16,23
DA:17,23
DA:18,23
DA:19,23
DA:20,23
DA:21,23
DA:22,23
DA:23,23
DA:24,23
DA:25,23
DA:26,23
DA:27,23
DA:28,23
DA:29,23
DA:30,23
DA:31,23
DA:32,23
DA:33,23
DA:34,23
DA:35,23
DA:36,23
DA:37,23
DA:38,23
DA:39,23
DA:40,23
DA:41,23
DA:42,23
DA:43,1
DA:44,1
LF:44
LH:44
BRDA:14,0,0,23
BRF:1
BRH:1
end_of_record
TN:
SF:src\components\common\carousel\Carousel.tsx
FN:9,Carousel
FNF:1
FNH:1
FNDA:3,Carousel
DA:1,1
DA:2,1
DA:3,1
DA:4,1
DA:5,1
DA:6,1
DA:7,1
DA:8,1
DA:9,1
DA:10,3
DA:11,3
DA:12,3
DA:13,3
DA:14,3
DA:15,3
DA:16,1
DA:17,1
LF:17
LH:17
BRDA:9,0,0,3
BRF:1
BRH:1
end_of_record
TN:
SF:src\components\content\Content.tsx
FN:18,Content
FN:33,handleView
FN:50,handleTouchStart
FN:54,handleTouchEnd
FN:82,animationEnd
FN:103,onClick
FN:124,onClick
FNF:7
FNH:7
FNDA:8,Content
FNDA:6,handleView
FNDA:2,handleTouchStart
FNDA:2,handleTouchEnd
FNDA:2,animationEnd
FNDA:1,onClick
FNDA:1,onClick
DA:1,1
DA:2,1
DA:3,1
DA:4,1
DA:5,1
DA:6,1
DA:7,1
DA:8,1
DA:9,1
DA:10,1
DA:11,1
DA:12,1
DA:13,1
DA:14,1
DA:15,1
DA:16,1
DA:17,1
DA:18,1
DA:19,8
DA:20,8
DA:21,8
DA:22,8
DA:23,8
DA:24,8
DA:25,8
DA:26,8
DA:27,8
DA:28,8
DA:29,8
DA:30,8
DA:31,8
DA:32,8
DA:33,8
DA:34,6
DA:35,6
DA:36,6
DA:37,8
DA:38,8
DA:39,8
DA:40,8
DA:41,2
DA:42,2
DA:43,2
DA:44,2
DA:45,8
DA:46,8
DA:47,8
DA:48,8
DA:49,8
DA:50,8
DA:51,2
DA:52,8
DA:53,8
DA:54,8
DA:55,2
DA:56,2
DA:57,2
DA:58,2
DA:59,2
DA:60,2
DA:61,2
DA:62,2
DA:63,2
DA:64,2
DA:65,2
DA:66,8
DA:67,8
DA:68,8
DA:69,4
DA:70,4
DA:71,4
DA:72,4
DA:73,4
DA:74,4
DA:75,4
DA:76,4
DA:77,4
DA:78,4
DA:79,4
DA:80,4
DA:81,4
DA:82,4
DA:83,2
DA:84,2
DA:85,2
DA:86,4
DA:87,4
DA:88,4
DA:89,4
DA:90,4
DA:91,4
DA:92,4
DA:93,4
DA:94,4
DA:95,4
DA:96,8
DA:97,8
DA:98,8
DA:99,8
DA:100,8
DA:101,8
DA:102,8
DA:103,8
DA:104,1
DA:105,1
DA:106,8
DA:107,8
DA:108,8
DA:109,8
DA:110,8
DA:111,8
DA:112,8
DA:113,8
DA:114,8
DA:115,8
DA:116,8
DA:117,8
DA:118,8
DA:119,8
DA:120,8
DA:121,8
DA:122,8
DA:123,8
DA:124,8
DA:125,1
DA:126,1
DA:127,8
DA:128,8
DA:129,8
DA:130,8
DA:131,8
DA:132,8
DA:133,8
DA:134,8
DA:135,8
DA:136,1
DA:137,1
LF:137
LH:137
BRF:0
BRH:0
end_of_record
TN:
SF:src\components\education\Education.tsx
FN:3,Education
FNF:1
FNH:1
FNDA:1,Education
DA:1,1
DA:2,1
DA:3,1
DA:4,1
DA:5,1
DA:6,1
DA:7,1
DA:8,1
DA:9,1
DA:10,1
DA:11,1
DA:12,1
DA:13,1
DA:14,1
DA:15,1
DA:16,1
DA:17,1
DA:18,1
DA:19,1
LF:19
LH:19
BRF:0
BRH:0
end_of_record
TN:
SF:src\components\experience\Experience.tsx
FN:12,Experience
FNF:1
FNH:1
FNDA:1,Experience
DA:1,1
DA:2,1
DA:3,1
DA:4,1
DA:5,1
DA:6,1
DA:7,1
DA:8,1
DA:9,1
DA:10,1
DA:11,1
DA:12,1
DA:13,1
DA:14,1
DA:15,1
DA:16,1
DA:17,1
DA:18,1
DA:19,1
DA:20,1
DA:21,1
DA:22,1
DA:23,1
DA:24,1
DA:25,1
DA:26,1
DA:27,1
DA:28,1
DA:29,1
DA:30,1
DA:31,1
DA:32,1
LF:32
LH:32
BRF:0
BRH:0
end_of_record
TN:
SF:src\components\navbar\ItemNavBar.tsx
FN:7,ItemNavBar
FNF:1
FNH:1
FNDA:16,ItemNavBar
DA:1,1
DA:2,1
DA:3,1
DA:4,1
DA:5,1
DA:6,1
DA:7,1
DA:8,16
DA:9,16
DA:10,16
DA:11,16
DA:12,16
DA:13,16
DA:14,1
DA:15,1
LF:15
LH:15
BRDA:7,0,0,16
BRF:1
BRH:1
end_of_record
TN:
SF:src\components\navbar\NavBar.tsx
FN:11,NavBar
FN:22,handleChangeView
FN:61,onClick
FN:75,onClick
FNF:4
FNH:4
FNDA:9,NavBar
FNDA:1,handleChangeView
FNDA:2,onClick
FNDA:1,onClick
DA:1,1
DA:2,1
DA:3,1
DA:4,1
DA:5,1
DA:6,1
DA:7,1
DA:8,1
DA:9,1
DA:10,1
DA:11,1
DA:12,9
DA:13,9
DA:14,9
DA:15,9
DA:16,9
DA:17,9
DA:18,9
DA:19,9
DA:20,9
DA:21,9
DA:22,9
DA:23,1
DA:24,9
DA:25,9
DA:26,9
DA:27,7
DA:28,7
DA:29,7
DA:30,7
DA:31,7
DA:32,7
DA:33,7
DA:34,7
DA:35,7
DA:36,7
DA:37,7
DA:38,7
DA:39,7
DA:40,7
DA:41,7
DA:42,7
DA:43,7
DA:44,7
DA:45,0
DA:46,7
DA:47,7
DA:48,9
DA:49,9
DA:50,9
DA:51,9
DA:52,9
DA:53,9
DA:54,9
DA:55,9
DA:56,9
DA:57,9
DA:58,9
DA:59,9
DA:60,9
DA:61,9
DA:62,9
DA:63,9
DA:64,9
DA:65,9
DA:66,9
DA:67,9
DA:68,9
DA:69,9
DA:70,9
DA:71,9
DA:72,9
DA:73,6
DA:74,6
DA:75,6
DA:76,6
DA:77,6
DA:78,6
DA:79,6
DA:80,6
DA:81,6
DA:82,6
DA:83,6
DA:84,6
DA:85,6
DA:86,6
DA:87,6
DA:88,6
DA:89,6
DA:90,6
DA:91,9
DA:92,9
DA:93,9
DA:94,9
DA:95,9
DA:96,9
DA:97,1
DA:98,1
LF:98
LH:97
BRF:0
BRH:0
end_of_record
TN:
SF:src\components\projects\Projects.tsx
FN:7,Projects
FN:29,onTouchStart
FN:30,onTouchEnd
FNF:3
FNH:1
FNDA:1,Projects
FNDA:0,onTouchStart
FNDA:0,onTouchEnd
DA:1,1
DA:2,1
DA:3,1
DA:4,1
DA:5,1
DA:6,1
DA:7,1
DA:8,1
DA:9,1
DA:10,1
DA:11,1
DA:12,1
DA:13,1
DA:14,1
DA:15,1
DA:16,1
DA:17,9
DA:18,9
DA:19,9
DA:20,9
DA:21,9
DA:22,9
DA:23,9
DA:24,9
DA:25,9
DA:26,9
DA:27,9
DA:28,9
DA:29,9
DA:30,9
DA:31,9
DA:32,9
DA:33,24
DA:34,24
DA:35,24
DA:36,24
DA:37,24
DA:38,24
DA:39,24
DA:40,24
DA:41,24
DA:42,24
DA:43,24
DA:44,24
DA:45,24
DA:46,24
DA:47,24
DA:48,9
DA:49,9
DA:50,9
DA:51,1
DA:52,1
DA:53,1
DA:54,1
DA:55,1
DA:56,1
LF:56
LH:56
BRF:0
BRH:0
end_of_record
TN:
SF:src\components\skills\Skills.tsx
FN:5,Skills
FNF:1
FNH:1
FNDA:1,Skills
DA:1,1
DA:2,1
DA:3,1
DA:4,1
DA:5,1
DA:6,1
DA:7,1
DA:8,1
DA:9,10
DA:10,1
DA:11,1
DA:12,1
DA:13,1
DA:14,1
DA:15,1
LF:15
LH:15
BRDA:5,0,0,1
BRDA:8,1,0,10
BRF:2
BRH:2
end_of_record
TN:
SF:src\context\index.ts
FNF:0
FNH:0
DA:1,1
DA:2,1
DA:3,1
DA:4,1
DA:5,1
DA:6,1
DA:7,1
DA:8,1
DA:9,1
DA:10,1
DA:11,1
DA:12,1
DA:13,1
DA:14,1
LF:14
LH:14
BRF:0
BRH:0
end_of_record
TN:
SF:src\hooks\use-media-query.tsx
FN:3,useMediaQuery
FN:10,listener
FNF:2
FNH:1
FNDA:3,useMediaQuery
FNDA:0,listener
DA:1,1
DA:2,1
DA:3,3
DA:4,3
DA:5,3
DA:6,3
DA:7,3
DA:8,3
DA:9,3
DA:10,3
DA:11,3
DA:12,3
DA:13,3
DA:14,3
DA:15,3
DA:16,3
DA:17,1
DA:18,1
LF:18
LH:18
BRDA:3,0,0,3
BRDA:5,1,0,3
BRDA:8,2,0,3
BRDA:12,3,0,3
BRF:4
BRH:4
end_of_record
